<?xml version="1.0" encoding="UTF-8"?>
<testsuite name="Tests" tests="1" skipped="0" failures="0" errors="0" timestamp="2020-03-04T13:38:58" hostname="Nikolays-MacBook-Pro.local" time="8.592">
  <properties/>
  <testcase name="PhaseOne" classname="Tests" time="8.592"/>
  <system-out><![CDATA[]]></system-out>
  <system-err><![CDATA[Starting ChromeDriver 80.0.3987.106 (f68069574609230cf9b635cd784cfb1bf81bb53a-refs/branch-heads/3987@{#882}) on port 3382
Only local connections are allowed.
Please protect ports used by ChromeDriver and related test frameworks to prevent access by malicious code.
Mar 04, 2020 1:38:58 PM org.openqa.selenium.remote.ProtocolHandshake createSession
INFO: Detected dialect: W3C
[1583329138.518][SEVERE]: Timed out receiving message from renderer: 0.100
]]></system-err>
</testsuite>
