<?xml version="1.0" encoding="UTF-8"?>
<testsuite name="Tests" tests="1" skipped="0" failures="0" errors="0" timestamp="2020-03-05T11:17:48" hostname="Nikolays-MacBook-Pro.local" time="20.719">
  <properties/>
  <testcase name="PhaseOne" classname="Tests" time="20.719"/>
  <system-out><![CDATA[33752
32144
31732
34129
35803
37226
36092
35882
36182
32552
37453
36500
35298
37433
33193
35938
37576
37583
36412
36620
36645
37593
35075
35518
Total Prices of Cars: 854331
]]></system-out>
  <system-err><![CDATA[Starting ChromeDriver 80.0.3987.106 (f68069574609230cf9b635cd784cfb1bf81bb53a-refs/branch-heads/3987@{#882}) on port 5864
Only local connections are allowed.
Please protect ports used by ChromeDriver and related test frameworks to prevent access by malicious code.
Mar 05, 2020 11:17:48 AM org.openqa.selenium.remote.ProtocolHandshake createSession
INFO: Detected dialect: W3C
[1583407068.492][SEVERE]: Timed out receiving message from renderer: 0.100
[1583407068.593][SEVERE]: Timed out receiving message from renderer: 0.100
[1583407068.694][SEVERE]: Timed out receiving message from renderer: 0.100
[1583407068.796][SEVERE]: Timed out receiving message from renderer: 0.100
]]></system-err>
</testsuite>
