<?xml version="1.0" encoding="UTF-8"?>
<testsuite name="Tests" tests="1" skipped="0" failures="0" errors="0" timestamp="2020-03-04T14:25:43" hostname="Nikolays-MacBook-Pro.local" time="10.266">
  <properties/>
  <testcase name="PhaseOne" classname="Tests" time="10.266"/>
  <system-out><![CDATA[]]></system-out>
  <system-err><![CDATA[Starting ChromeDriver 80.0.3987.106 (f68069574609230cf9b635cd784cfb1bf81bb53a-refs/branch-heads/3987@{#882}) on port 30465
Only local connections are allowed.
Please protect ports used by ChromeDriver and related test frameworks to prevent access by malicious code.
Mar 04, 2020 2:25:43 PM org.openqa.selenium.remote.ProtocolHandshake createSession
INFO: Detected dialect: W3C
[1583331943.775][SEVERE]: Timed out receiving message from renderer: 0.100
]]></system-err>
</testsuite>
